{"date":"2023-10-03T15:36:15.944Z","level":"error","message":"Password must contain atleast one uppercase letter, one special character and one number","method":"POST","service":"user-service","url":"/register"}
{"date":"2023-10-03T15:46:37.841Z","level":"error","message":"Schema hasn't been registered for model \"User\".\nUse mongoose.model(name, schema)","method":"GET","service":"user-service","url":"/popular-statements"}
{"date":"2023-10-10T17:19:07.756Z","level":"error","message":"Statement.aggregate(...).toArray is not a function","method":"GET","service":"user-service","url":"/get-statement-categories"}
{"date":"2023-10-10T17:19:09.987Z","level":"error","message":"Statement.aggregate(...).toArray is not a function","method":"GET","service":"user-service","url":"/get-statement-categories"}
{"date":"2023-10-10T17:19:11.342Z","level":"error","message":"Statement.aggregate(...).toArray is not a function","method":"GET","service":"user-service","url":"/get-statement-categories"}
{"date":"2023-10-10T17:19:23.899Z","level":"error","message":"Statement.aggregate(...).toArray is not a function","method":"GET","service":"user-service","url":"/get-statement-categories"}
{"date":"2023-10-10T17:19:25.178Z","level":"error","message":"Statement.aggregate(...).toArray is not a function","method":"GET","service":"user-service","url":"/get-statement-categories"}
{"date":"2023-10-10T19:54:07.362Z","level":"error","message":"statement.reports.push is not a function","method":"POST","service":"user-service","url":"/report-statement/651c35dfc71f7ec3699cb338"}
{"date":"2023-10-10T19:56:27.217Z","level":"error","message":"sendMail is not defined","method":"POST","service":"user-service","url":"/report-statement/651c35dfc71f7ec3699cb338"}
{"date":"2023-10-11T14:39:36.676Z","level":"error","message":"Cast to ObjectId failed for value \"null\" (type string) at path \"_id\" for model \"Statement\"","method":"POST","service":"user-service","url":"/report-statement/null"}
{"date":"2023-10-11T14:42:11.659Z","level":"error","message":"Cast to ObjectId failed for value \"null\" (type string) at path \"_id\" for model \"Statement\"","method":"POST","service":"user-service","url":"/report-statement/null"}
{"date":"2023-10-11T14:44:29.448Z","level":"error","message":"Cast to ObjectId failed for value \"null\" (type string) at path \"_id\" for model \"Statement\"","method":"POST","service":"user-service","url":"/report-statement/null"}
{"date":"2023-10-11T14:53:26.927Z","level":"error","message":"Cast to ObjectId failed for value \"null\" (type string) at path \"_id\" for model \"Statement\"","method":"POST","service":"user-service","url":"/report-statement/null"}
{"date":"2023-10-11T14:56:10.025Z","level":"error","message":"Cast to ObjectId failed for value \"null\" (type string) at path \"_id\" for model \"Statement\"","method":"POST","service":"user-service","url":"/report-statement/null"}
{"date":"2023-10-11T14:59:12.087Z","level":"error","message":"Cast to ObjectId failed for value \"null\" (type string) at path \"_id\" for model \"Statement\"","method":"POST","service":"user-service","url":"/report-statement/null"}
{"date":"2023-10-11T15:05:02.747Z","level":"error","message":"Cast to ObjectId failed for value \"null\" (type string) at path \"_id\" for model \"Statement\"","method":"POST","service":"user-service","url":"/report-statement/null"}
{"date":"2023-10-11T15:08:08.773Z","level":"error","message":"Cast to ObjectId failed for value \"null\" (type string) at path \"_id\" for model \"Statement\"","method":"POST","service":"user-service","url":"/report-statement/null"}
{"date":"2023-10-11T15:09:14.877Z","level":"error","message":"Cast to ObjectId failed for value \"null\" (type string) at path \"_id\" for model \"Statement\"","method":"POST","service":"user-service","url":"/report-statement/null"}
{"date":"2023-10-11T15:10:16.620Z","level":"error","message":"Cast to ObjectId failed for value \"null\" (type string) at path \"_id\" for model \"Statement\"","method":"POST","service":"user-service","url":"/report-statement/null"}
{"date":"2023-10-11T15:13:47.158Z","level":"error","message":"Cast to ObjectId failed for value \"null\" (type string) at path \"_id\" for model \"Statement\"","method":"POST","service":"user-service","url":"/report-statement/null"}
{"date":"2023-10-11T16:55:50.373Z","level":"error","message":"sendMail is not defined","method":"POST","service":"user-service","url":"/report-argument/651c3616c71f7ec3699cb340"}
{"date":"2023-10-11T17:32:38.237Z","level":"error","message":"Invalid credentials","method":"POST","service":"user-service","url":"/login"}
{"date":"2023-10-11T18:00:52.655Z","level":"error","message":"Cast to ObjectId failed for value \"undefined\" (type string) at path \"_id\" for model \"Argument\"","method":"DELETE","service":"user-service","url":"/delete-argument/undefined"}
{"date":"2023-10-11T18:00:52.954Z","level":"error","message":"Cast to ObjectId failed for value \"undefined\" (type string) at path \"_id\" for model \"Argument\"","method":"DELETE","service":"user-service","url":"/delete-argument/undefined"}
{"date":"2023-10-11T18:01:21.246Z","level":"error","message":"Cast to ObjectId failed for value \"undefined\" (type string) at path \"_id\" for model \"Argument\"","method":"DELETE","service":"user-service","url":"/delete-argument/undefined"}
{"date":"2023-10-11T18:01:22.079Z","level":"error","message":"Cast to ObjectId failed for value \"undefined\" (type string) at path \"_id\" for model \"Argument\"","method":"DELETE","service":"user-service","url":"/delete-argument/undefined"}
{"date":"2023-10-11T18:01:52.864Z","level":"error","message":"Cast to ObjectId failed for value \"undefined\" (type string) at path \"_id\" for model \"Argument\"","method":"DELETE","service":"user-service","url":"/delete-argument/undefined"}
{"date":"2023-10-11T18:01:53.226Z","level":"error","message":"Cast to ObjectId failed for value \"undefined\" (type string) at path \"_id\" for model \"Argument\"","method":"DELETE","service":"user-service","url":"/delete-argument/undefined"}
{"date":"2023-10-11T18:53:07.016Z","level":"error","message":"Statement does not exist","method":"GET","service":"user-service","url":"/get-statement/651c3672c71f7ec3699cb345"}
{"date":"2023-10-24T18:10:38.031Z","level":"error","message":"Cannot read properties of undefined (reading 'role')","method":"GET","service":"user-service","url":"/get-reported"}
{"date":"2023-10-24T18:18:40.622Z","level":"error","message":"User is not defined","method":"GET","service":"user-service","url":"/get-reported"}
{"date":"2023-10-24T18:21:34.535Z","level":"error","message":"Schema hasn't been registered for model \"User\".\nUse mongoose.model(name, schema)","method":"GET","service":"user-service","url":"/get-reported"}
{"date":"2023-10-24T18:23:38.506Z","level":"error","message":"Schema hasn't been registered for model \"User\".\nUse mongoose.model(name, schema)","method":"GET","service":"user-service","url":"/get-reported"}
{"date":"2023-10-24T18:23:40.777Z","level":"error","message":"Schema hasn't been registered for model \"User\".\nUse mongoose.model(name, schema)","method":"GET","service":"user-service","url":"/get-reported"}
{"date":"2023-10-24T18:25:56.794Z","level":"error","message":"Schema hasn't been registered for model \"User\".\nUse mongoose.model(name, schema)","method":"GET","service":"user-service","url":"/get-reported"}
{"date":"2023-10-27T16:12:32.240Z","level":"error","message":"category is not defined","method":"POST","service":"user-service","url":"/search-statement"}
{"date":"2023-10-30T20:04:55.133Z","level":"error","message":"Invalid login: 535-5.7.8 Username and Password not accepted. Learn more at\n535 5.7.8  https://support.google.com/mail/?p=BadCredentials d25-20020a50cd59000000b0053e469f6505sm6613903edj.26 - gsmtp","method":"POST","service":"user-service","url":"/forgotPassword"}
{"date":"2023-11-03T18:29:02.894Z","level":"error","message":"The provided authorization grant is invalid, expired, or revoked","method":"POST","service":"user-service","url":"/"}
{"date":"2023-11-03T18:30:05.438Z","level":"error","message":"The provided authorization grant is invalid, expired, or revoked","method":"POST","service":"user-service","url":"/"}
{"date":"2023-11-03T18:30:56.415Z","level":"error","message":"The provided authorization grant is invalid, expired, or revoked","method":"POST","service":"user-service","url":"/"}
{"date":"2023-11-03T19:33:55.188Z","level":"error","message":"Statement does not exist","method":"GET","service":"user-service","url":"/get-statement/652c5ae4630cee9305cd1311"}
{"date":"2023-11-03T19:33:55.473Z","level":"error","message":"Statement does not exist","method":"GET","service":"user-service","url":"/get-statement/652c5ae4630cee9305cd1311"}
{"date":"2023-11-21T13:35:46.539Z","level":"error","message":"The provided authorization grant is invalid, expired, or revoked","method":"POST","service":"user-service","url":"/"}
{"date":"2023-11-21T15:38:49.734Z","level":"error","message":"Invalid credentials","method":"POST","service":"user-service","url":"/login"}
{"date":"2023-11-21T15:42:16.882Z","level":"error","message":"userData is not defined","method":"PUT","service":"user-service","url":"/updateUserProfile"}
{"date":"2023-11-21T15:42:41.444Z","level":"error","message":"userData is not defined","method":"PUT","service":"user-service","url":"/updateUserProfile"}
{"date":"2023-11-21T16:03:46.463Z","level":"error","message":"Invalid credentials","method":"PUT","service":"user-service","url":"/updateUserProfile"}
{"date":"2023-11-21T16:05:09.376Z","level":"error","message":"Invalid credentials","method":"PUT","service":"user-service","url":"/updateUserProfile"}
{"date":"2023-11-21T16:05:47.396Z","level":"error","message":"Invalid credentials","method":"PUT","service":"user-service","url":"/updateUserProfile"}
{"date":"2023-11-21T16:06:16.163Z","level":"error","message":"Invalid credentials","method":"PUT","service":"user-service","url":"/updateUserProfile"}
{"date":"2023-11-21T16:06:41.465Z","level":"error","message":"New password cannot be same as old password","method":"PUT","service":"user-service","url":"/updateUserProfile"}
{"date":"2023-11-21T17:31:21.082Z","level":"error","message":"Invalid credentials","method":"PUT","service":"user-service","url":"/updateUserProfile"}
{"date":"2023-11-21T17:31:57.963Z","level":"error","message":"Invalid credentials","method":"PUT","service":"user-service","url":"/updateUserProfile"}
{"date":"2023-11-21T17:32:55.546Z","level":"error","message":"Invalid credentials","method":"PUT","service":"user-service","url":"/updateUserProfile"}
{"date":"2023-11-21T17:33:03.605Z","level":"error","message":"Invalid credentials","method":"PUT","service":"user-service","url":"/updateUserProfile"}
{"date":"2023-11-21T17:33:20.444Z","level":"error","message":"Invalid credentials","method":"POST","service":"user-service","url":"/login"}
{"date":"2023-11-21T17:33:25.225Z","level":"error","message":"Invalid credentials","method":"POST","service":"user-service","url":"/login"}
{"date":"2023-11-21T17:33:28.581Z","level":"error","message":"Invalid credentials","method":"POST","service":"user-service","url":"/login"}
{"date":"2023-11-21T17:33:32.588Z","level":"error","message":"Invalid credentials","method":"POST","service":"user-service","url":"/login"}
{"date":"2023-11-21T17:34:11.532Z","level":"error","message":"Invalid credentials","method":"POST","service":"user-service","url":"/login"}
{"date":"2023-11-21T17:34:13.218Z","level":"error","message":"Invalid credentials","method":"POST","service":"user-service","url":"/login"}
{"date":"2023-11-21T17:34:14.726Z","level":"error","message":"Invalid credentials","method":"POST","service":"user-service","url":"/login"}
{"date":"2023-11-21T17:36:54.858Z","level":"error","message":"New password cannot be same as old password","method":"PUT","service":"user-service","url":"/updateUserProfile"}
{"date":"2023-11-21T17:37:00.157Z","level":"error","message":"Invalid credentials","method":"PUT","service":"user-service","url":"/updateUserProfile"}
{"date":"2023-11-21T17:38:25.206Z","level":"error","message":"Invalid credentials","method":"POST","service":"user-service","url":"/login"}
{"date":"2023-11-21T17:39:13.212Z","level":"error","message":"Invalid credentials","method":"PUT","service":"user-service","url":"/updateUserProfile"}
{"date":"2023-11-21T17:39:22.783Z","level":"error","message":"New password cannot be same as old password","method":"PUT","service":"user-service","url":"/updateUserProfile"}
{"date":"2023-11-21T17:41:31.364Z","level":"error","message":"Invalid credentials","method":"POST","service":"user-service","url":"/login"}
{"date":"2023-11-21T17:44:09.576Z","level":"error","message":"Invalid credentials","method":"POST","service":"user-service","url":"/login"}
{"date":"2023-11-21T17:45:54.781Z","level":"error","message":"New password cannot be same as old password","method":"PUT","service":"user-service","url":"/updateUserProfile"}
{"date":"2023-11-21T17:46:46.982Z","level":"error","message":"Invalid credentials","method":"POST","service":"user-service","url":"/login"}
{"date":"2023-11-21T17:50:12.570Z","level":"error","message":"Statement does not exist","method":"GET","service":"user-service","url":"/get-statement/652a6b3cea64f24a81f9f67e"}
{"date":"2023-11-21T17:50:12.984Z","level":"error","message":"Statement does not exist","method":"GET","service":"user-service","url":"/get-statement/652a6b3cea64f24a81f9f67e"}
